Fri, 18 Nov 2022 07:57:24 GMT
catchAll error
Stack: Error: connect ECONNREFUSED ::1:3306
    at TCPConnectWrap.afterConnect [as oncomplete] (node:net:1237:16)
    --------------------
    at Protocol._enqueue (C:\4578-81\2022-11-18\Secure Coding\Backend\node_modules\mysql\lib\protocol\Protocol.js:144:48)
    at Protocol.handshake (C:\4578-81\2022-11-18\Secure Coding\Backend\node_modules\mysql\lib\protocol\Protocol.js:51:23)
    at PoolConnection.connect (C:\4578-81\2022-11-18\Secure Coding\Backend\node_modules\mysql\lib\Connection.js:116:18)
    at Pool.getConnection (C:\4578-81\2022-11-18\Secure Coding\Backend\node_modules\mysql\lib\Pool.js:48:16)
    at Pool.query (C:\4578-81\2022-11-18\Secure Coding\Backend\node_modules\mysql\lib\Pool.js:202:8)
    at C:\4578-81\2022-11-18\Secure Coding\Backend\src\2-utils\dal.ts:13:20
    at new Promise (<anonymous>)
    at Object.execute (C:\4578-81\2022-11-18\Secure Coding\Backend\src\2-utils\dal.ts:12:12)
    at Object.<anonymous> (C:\4578-81\2022-11-18\Secure Coding\Backend\src\5-logic\forum-logic.ts:8:32)
    at step (C:\4578-81\2022-11-18\Secure Coding\Backend\src\5-logic\forum-logic.ts:33:23)
----------------------------------------------------------------------------------------------------
Fri, 18 Nov 2022 07:57:30 GMT
catchAll error
Stack: Error: connect ECONNREFUSED ::1:3306
    at TCPConnectWrap.afterConnect [as oncomplete] (node:net:1237:16)
    --------------------
    at Protocol._enqueue (C:\4578-81\2022-11-18\Secure Coding\Backend\node_modules\mysql\lib\protocol\Protocol.js:144:48)
    at Protocol.handshake (C:\4578-81\2022-11-18\Secure Coding\Backend\node_modules\mysql\lib\protocol\Protocol.js:51:23)
    at PoolConnection.connect (C:\4578-81\2022-11-18\Secure Coding\Backend\node_modules\mysql\lib\Connection.js:116:18)
    at Pool.getConnection (C:\4578-81\2022-11-18\Secure Coding\Backend\node_modules\mysql\lib\Pool.js:48:16)
    at Pool.query (C:\4578-81\2022-11-18\Secure Coding\Backend\node_modules\mysql\lib\Pool.js:202:8)
    at C:\4578-81\2022-11-18\Secure Coding\Backend\src\2-utils\dal.ts:13:20
    at new Promise (<anonymous>)
    at Object.execute (C:\4578-81\2022-11-18\Secure Coding\Backend\src\2-utils\dal.ts:12:12)
    at Object.<anonymous> (C:\4578-81\2022-11-18\Secure Coding\Backend\src\5-logic\forum-logic.ts:8:32)
    at step (C:\4578-81\2022-11-18\Secure Coding\Backend\src\5-logic\forum-logic.ts:33:23)
----------------------------------------------------------------------------------------------------
Fri, 18 Nov 2022 10:26:32 GMT
catchAll error
Stack: Error: ER_PARSE_ERROR: You have an error in your SQL syntax; check the manual that corresponds to your MariaDB server version for the right syntax to use near '' AND password = '986f549e479311fa03b65666c6bbe705f351bd676a60f32f26edc6ca4d5...' at line 1
    at Query.Sequence._packetToError (C:\4578-81\2022-11-18\Secure Coding\Backend\node_modules\mysql\lib\protocol\sequences\Sequence.js:47:14)
    at Query.ErrorPacket (C:\4578-81\2022-11-18\Secure Coding\Backend\node_modules\mysql\lib\protocol\sequences\Query.js:79:18)
    at Protocol._parsePacket (C:\4578-81\2022-11-18\Secure Coding\Backend\node_modules\mysql\lib\protocol\Protocol.js:291:23)
    at Parser._parsePacket (C:\4578-81\2022-11-18\Secure Coding\Backend\node_modules\mysql\lib\protocol\Parser.js:433:10)
    at Parser.write (C:\4578-81\2022-11-18\Secure Coding\Backend\node_modules\mysql\lib\protocol\Parser.js:43:10)
    at Protocol.write (C:\4578-81\2022-11-18\Secure Coding\Backend\node_modules\mysql\lib\protocol\Protocol.js:38:16)
    at Socket.<anonymous> (C:\4578-81\2022-11-18\Secure Coding\Backend\node_modules\mysql\lib\Connection.js:88:28)
    at Socket.<anonymous> (C:\4578-81\2022-11-18\Secure Coding\Backend\node_modules\mysql\lib\Connection.js:526:10)
    at Socket.emit (node:events:537:28)
    at Socket.emit (node:domain:482:12)
    --------------------
    at Pool.query (C:\4578-81\2022-11-18\Secure Coding\Backend\node_modules\mysql\lib\Pool.js:199:23)
    at C:\4578-81\2022-11-18\Secure Coding\Backend\src\2-utils\dal.ts:13:20
    at new Promise (<anonymous>)
    at Object.execute (C:\4578-81\2022-11-18\Secure Coding\Backend\src\2-utils\dal.ts:12:12)
    at Object.<anonymous> (C:\4578-81\2022-11-18\Secure Coding\Backend\src\5-logic\auth-logic.ts:31:29)
    at step (C:\4578-81\2022-11-18\Secure Coding\Backend\src\5-logic\auth-logic.ts:33:23)
    at Object.next (C:\4578-81\2022-11-18\Secure Coding\Backend\src\5-logic\auth-logic.ts:14:53)
    at C:\4578-81\2022-11-18\Secure Coding\Backend\src\5-logic\auth-logic.ts:8:71
    at new Promise (<anonymous>)
    at __awaiter (C:\4578-81\2022-11-18\Secure Coding\Backend\src\5-logic\auth-logic.ts:4:12)
----------------------------------------------------------------------------------------------------
Mon, 18 Dec 2023 14:10:17 GMT
catchAll error
Stack: Error: ER_BAD_FIELD_ERROR: Unknown column 'NaN' in 'where clause'
    at Query.Sequence._packetToError (C:\Users\dorba\OneDrive\Desktop\01 - Secure Coding\Backend\node_modules\mysql\lib\protocol\sequences\Sequence.js:47:14)
    at Query.ErrorPacket (C:\Users\dorba\OneDrive\Desktop\01 - Secure Coding\Backend\node_modules\mysql\lib\protocol\sequences\Query.js:79:18)
    at Protocol._parsePacket (C:\Users\dorba\OneDrive\Desktop\01 - Secure Coding\Backend\node_modules\mysql\lib\protocol\Protocol.js:291:23)
    at Parser._parsePacket (C:\Users\dorba\OneDrive\Desktop\01 - Secure Coding\Backend\node_modules\mysql\lib\protocol\Parser.js:433:10)
    at Parser.write (C:\Users\dorba\OneDrive\Desktop\01 - Secure Coding\Backend\node_modules\mysql\lib\protocol\Parser.js:43:10)
    at Protocol.write (C:\Users\dorba\OneDrive\Desktop\01 - Secure Coding\Backend\node_modules\mysql\lib\protocol\Protocol.js:38:16)
    at Socket.<anonymous> (C:\Users\dorba\OneDrive\Desktop\01 - Secure Coding\Backend\node_modules\mysql\lib\Connection.js:88:28)
    at Socket.<anonymous> (C:\Users\dorba\OneDrive\Desktop\01 - Secure Coding\Backend\node_modules\mysql\lib\Connection.js:526:10)
    at Socket.emit (node:events:513:28)
    at Socket.emit (node:domain:489:12)
    --------------------
    at Pool.query (C:\Users\dorba\OneDrive\Desktop\01 - Secure Coding\Backend\node_modules\mysql\lib\Pool.js:199:23)
    at C:\Users\dorba\OneDrive\Desktop\01 - Secure Coding\Backend\src\2-utils\dal.ts:13:20
    at new Promise (<anonymous>)
    at Object.execute (C:\Users\dorba\OneDrive\Desktop\01 - Secure Coding\Backend\src\2-utils\dal.ts:12:12)
    at Object.<anonymous> (C:\Users\dorba\OneDrive\Desktop\01 - Secure Coding\Backend\src\5-logic\auth-logic.ts:47:29)
    at step (C:\Users\dorba\OneDrive\Desktop\01 - Secure Coding\Backend\src\5-logic\auth-logic.ts:33:23)
    at Object.next (C:\Users\dorba\OneDrive\Desktop\01 - Secure Coding\Backend\src\5-logic\auth-logic.ts:14:53)
    at C:\Users\dorba\OneDrive\Desktop\01 - Secure Coding\Backend\src\5-logic\auth-logic.ts:8:71
    at new Promise (<anonymous>)
    at __awaiter (C:\Users\dorba\OneDrive\Desktop\01 - Secure Coding\Backend\src\5-logic\auth-logic.ts:4:12)
----------------------------------------------------------------------------------------------------
